{"/Users/witsanupornpromsirinimit/quiz-react-tailwindcss/quiz/src/App.tsx": {"path":"/Users/witsanupornpromsirinimit/quiz-react-tailwindcss/quiz/src/App.tsx","statementMap":{"0":{"start":{"line":1,"column":0},"end":{"line":1,"column":19}},"1":{"start":{"line":2,"column":0},"end":{"line":2,"column":32}},"2":{"start":{"line":3,"column":0},"end":{"line":3,"column":46}},"3":{"start":{"line":4,"column":0},"end":{"line":4,"column":40}},"4":{"start":{"line":5,"column":0},"end":{"line":5,"column":40}},"5":{"start":{"line":6,"column":0},"end":{"line":6,"column":48}},"6":{"start":{"line":7,"column":0},"end":{"line":7,"column":36}},"7":{"start":{"line":8,"column":0},"end":{"line":8,"column":64}},"8":{"start":{"line":10,"column":13},"end":{"line":20,"column":3}},"9":{"start":{"line":23,"column":37},"end":{"line":23,"column":52}},"10":{"start":{"line":24,"column":33},"end":{"line":24,"column":45}},"11":{"start":{"line":26,"column":21},"end":{"line":29,"column":2}},"12":{"start":{"line":27,"column":2},"end":{"line":27,"column":22}},"13":{"start":{"line":28,"column":2},"end":{"line":28,"column":24}},"14":{"start":{"line":31,"column":22},"end":{"line":34,"column":2}},"15":{"start":{"line":32,"column":2},"end":{"line":32,"column":23}},"16":{"start":{"line":33,"column":2},"end":{"line":33,"column":18}},"17":{"start":{"line":37,"column":41},"end":{"line":44,"column":2}},"18":{"start":{"line":38,"column":2},"end":{"line":43,"column":4}},"19":{"start":{"line":46,"column":1},"end":{"line":110,"column":3}},"20":{"start":{"line":113,"column":0},"end":{"line":113,"column":19}}},"fnMap":{"0":{"name":"(anonymous_1)","decl":{"start":{"line":18,"column":8},"end":{"line":18,"column":11}},"loc":{"start":{"line":18,"column":13},"end":{"line":18,"column":16}}},"1":{"name":"(anonymous_2)","decl":{"start":{"line":19,"column":9},"end":{"line":19,"column":12}},"loc":{"start":{"line":19,"column":14},"end":{"line":19,"column":17}}},"2":{"name":"App","decl":{"start":{"line":22,"column":9},"end":{"line":22,"column":12}},"loc":{"start":{"line":22,"column":12},"end":{"line":111,"column":1}}},"3":{"name":"(anonymous_4)","decl":{"start":{"line":26,"column":21},"end":{"line":26,"column":22}},"loc":{"start":{"line":26,"column":42},"end":{"line":29,"column":2}}},"4":{"name":"(anonymous_5)","decl":{"start":{"line":31,"column":22},"end":{"line":31,"column":25}},"loc":{"start":{"line":31,"column":27},"end":{"line":34,"column":2}}},"5":{"name":"(anonymous_6)","decl":{"start":{"line":37,"column":41},"end":{"line":37,"column":42}},"loc":{"start":{"line":37,"column":89},"end":{"line":44,"column":2}}}},"branchMap":{"0":{"loc":{"start":{"line":68,"column":7},"end":{"line":75,"column":null}},"type":"cond-expr","locations":[{"start":{"line":69,"column":8},"end":{"line":70,"column":null}},{"start":{"line":73,"column":8},"end":{"line":74,"column":null}}]},"1":{"loc":{"start":{"line":82,"column":7},"end":{"line":89,"column":null}},"type":"cond-expr","locations":[{"start":{"line":83,"column":8},"end":{"line":84,"column":null}},{"start":{"line":87,"column":8},"end":{"line":88,"column":null}}]},"2":{"loc":{"start":{"line":96,"column":7},"end":{"line":103,"column":null}},"type":"cond-expr","locations":[{"start":{"line":97,"column":8},"end":{"line":98,"column":null}},{"start":{"line":101,"column":8},"end":{"line":102,"column":null}}]}},"s":{"0":2,"1":2,"2":2,"3":2,"4":2,"5":2,"6":2,"7":2,"8":2,"9":0,"10":0,"11":0,"12":0,"13":0,"14":0,"15":0,"16":0,"17":0,"18":0,"19":0,"20":2},"f":{"0":0,"1":0,"2":0,"3":0,"4":0,"5":0},"b":{"0":[0,0],"1":[0,0],"2":[0,0]}}
,"/Users/witsanupornpromsirinimit/quiz-react-tailwindcss/quiz/src/main.tsx": {"path":"/Users/witsanupornpromsirinimit/quiz-react-tailwindcss/quiz/src/main.tsx","statementMap":{"0":{"start":{"line":1,"column":0},"end":{"line":1,"column":35}},"1":{"start":{"line":2,"column":0},"end":{"line":2,"column":46}},"2":{"start":{"line":3,"column":0},"end":{"line":3,"column":21}},"3":{"start":{"line":4,"column":0},"end":{"line":4,"column":24}},"4":{"start":{"line":9,"column":0},"end":{"line":13,"column":2}}},"fnMap":{},"branchMap":{},"s":{"0":0,"1":0,"2":0,"3":0,"4":0},"f":{},"b":{}}
,"/Users/witsanupornpromsirinimit/quiz-react-tailwindcss/quiz/src/components/Card/CardCategory.tsx": {"path":"/Users/witsanupornpromsirinimit/quiz-react-tailwindcss/quiz/src/components/Card/CardCategory.tsx","statementMap":{"0":{"start":{"line":1,"column":0},"end":{"line":1,"column":34}},"1":{"start":{"line":3,"column":0},"end":{"line":3,"column":40}},"2":{"start":{"line":9,"column":21},"end":{"line":31,"column":1}},"3":{"start":{"line":10,"column":1},"end":{"line":30,"column":3}},"4":{"start":{"line":33,"column":0},"end":{"line":33,"column":28}}},"fnMap":{"0":{"name":"(anonymous_0)","decl":{"start":{"line":9,"column":21},"end":{"line":9,"column":22}},"loc":{"start":{"line":9,"column":52},"end":{"line":31,"column":1}}}},"branchMap":{},"s":{"0":2,"1":2,"2":2,"3":1,"4":2},"f":{"0":1},"b":{}}
,"/Users/witsanupornpromsirinimit/quiz-react-tailwindcss/quiz/src/pages/Home.tsx": {"path":"/Users/witsanupornpromsirinimit/quiz-react-tailwindcss/quiz/src/pages/Home.tsx","statementMap":{"0":{"start":{"line":1,"column":0},"end":{"line":1,"column":45}},"1":{"start":{"line":2,"column":0},"end":{"line":2,"column":59}},"2":{"start":{"line":3,"column":0},"end":{"line":3,"column":55}},"3":{"start":{"line":4,"column":0},"end":{"line":4,"column":51}},"4":{"start":{"line":5,"column":0},"end":{"line":5,"column":41}},"5":{"start":{"line":6,"column":0},"end":{"line":6,"column":47}},"6":{"start":{"line":7,"column":13},"end":{"line":117,"column":1}},"7":{"start":{"line":8,"column":19},"end":{"line":8,"column":46}},"8":{"start":{"line":9,"column":25},"end":{"line":9,"column":37}},"9":{"start":{"line":10,"column":18},"end":{"line":10,"column":31}},"10":{"start":{"line":11,"column":33},"end":{"line":11,"column":45}},"11":{"start":{"line":12,"column":43},"end":{"line":12,"column":55}},"12":{"start":{"line":13,"column":43},"end":{"line":13,"column":55}},"13":{"start":{"line":15,"column":22},"end":{"line":45,"column":2}},"14":{"start":{"line":16,"column":2},"end":{"line":16,"column":25}},"15":{"start":{"line":19,"column":2},"end":{"line":19,"column":23}},"16":{"start":{"line":20,"column":2},"end":{"line":20,"column":23}},"17":{"start":{"line":23,"column":18},"end":{"line":23,"column":23}},"18":{"start":{"line":26,"column":2},"end":{"line":29,"column":3}},"19":{"start":{"line":27,"column":3},"end":{"line":27,"column":50}},"20":{"start":{"line":28,"column":3},"end":{"line":28,"column":20}},"21":{"start":{"line":32,"column":2},"end":{"line":38,"column":3}},"22":{"start":{"line":33,"column":3},"end":{"line":33,"column":50}},"23":{"start":{"line":34,"column":3},"end":{"line":34,"column":20}},"24":{"start":{"line":35,"column":9},"end":{"line":38,"column":3}},"25":{"start":{"line":36,"column":3},"end":{"line":36,"column":62}},"26":{"start":{"line":37,"column":3},"end":{"line":37,"column":20}},"27":{"start":{"line":41,"column":2},"end":{"line":44,"column":3}},"28":{"start":{"line":42,"column":3},"end":{"line":42,"column":15}},"29":{"start":{"line":43,"column":3},"end":{"line":43,"column":25}},"30":{"start":{"line":47,"column":1},"end":{"line":116,"column":3}},"31":{"start":{"line":71,"column":8},"end":{"line":71,"column":36}},"32":{"start":{"line":88,"column":8},"end":{"line":88,"column":40}},"33":{"start":{"line":119,"column":0},"end":{"line":119,"column":20}}},"fnMap":{"0":{"name":"(anonymous_1)","decl":{"start":{"line":7,"column":13},"end":{"line":7,"column":16}},"loc":{"start":{"line":7,"column":18},"end":{"line":117,"column":1}}},"1":{"name":"(anonymous_2)","decl":{"start":{"line":15,"column":22},"end":{"line":15,"column":23}},"loc":{"start":{"line":15,"column":66},"end":{"line":45,"column":2}}},"2":{"name":"(anonymous_3)","decl":{"start":{"line":70,"column":17},"end":{"line":70,"column":18}},"loc":{"start":{"line":70,"column":27},"end":{"line":72,"column":8}}},"3":{"name":"(anonymous_4)","decl":{"start":{"line":87,"column":17},"end":{"line":87,"column":18}},"loc":{"start":{"line":87,"column":27},"end":{"line":89,"column":8}}}},"branchMap":{"0":{"loc":{"start":{"line":26,"column":2},"end":{"line":29,"column":3}},"type":"if","locations":[{"start":{"line":26,"column":2},"end":{"line":29,"column":3}}]},"1":{"loc":{"start":{"line":26,"column":7},"end":{"line":26,"column":19}},"type":"cond-expr","locations":[{"start":{"line":26,"column":11},"end":{"line":26,"column":13}},{"start":{"line":26,"column":7},"end":{"line":26,"column":19}}]},"2":{"loc":{"start":{"line":26,"column":7},"end":{"line":26,"column":13}},"type":"binary-expr","locations":[{"start":{"line":26,"column":7},"end":{"line":26,"column":13}},{"start":{"line":26,"column":7},"end":{"line":26,"column":13}}]},"3":{"loc":{"start":{"line":32,"column":2},"end":{"line":38,"column":3}},"type":"if","locations":[{"start":{"line":32,"column":2},"end":{"line":38,"column":3}},{"start":{"line":35,"column":9},"end":{"line":38,"column":3}}]},"4":{"loc":{"start":{"line":35,"column":9},"end":{"line":38,"column":3}},"type":"if","locations":[{"start":{"line":35,"column":9},"end":{"line":38,"column":3}}]},"5":{"loc":{"start":{"line":41,"column":2},"end":{"line":44,"column":3}},"type":"if","locations":[{"start":{"line":41,"column":2},"end":{"line":44,"column":3}}]},"6":{"loc":{"start":{"line":76,"column":7},"end":{"line":76,"column":79}},"type":"binary-expr","locations":[{"start":{"line":76,"column":7},"end":{"line":76,"column":20}},{"start":{"line":76,"column":24},"end":{"line":76,"column":79}}]},"7":{"loc":{"start":{"line":94,"column":7},"end":{"line":94,"column":79}},"type":"binary-expr","locations":[{"start":{"line":94,"column":7},"end":{"line":94,"column":20}},{"start":{"line":94,"column":24},"end":{"line":94,"column":79}}]}},"s":{"0":2,"1":2,"2":2,"3":2,"4":2,"5":2,"6":2,"7":1,"8":1,"9":1,"10":1,"11":1,"12":1,"13":1,"14":0,"15":0,"16":0,"17":0,"18":0,"19":0,"20":0,"21":0,"22":0,"23":0,"24":0,"25":0,"26":0,"27":0,"28":0,"29":0,"30":1,"31":0,"32":0,"33":2},"f":{"0":1,"1":0,"2":0,"3":0},"b":{"0":[0],"1":[0,0],"2":[0,0],"3":[0,0],"4":[0],"5":[0],"6":[1,0],"7":[1,0]}}
,"/Users/witsanupornpromsirinimit/quiz-react-tailwindcss/quiz/src/pages/Navbar.tsx": {"path":"/Users/witsanupornpromsirinimit/quiz-react-tailwindcss/quiz/src/pages/Navbar.tsx","statementMap":{"0":{"start":{"line":1,"column":0},"end":{"line":1,"column":35}},"1":{"start":{"line":2,"column":0},"end":{"line":2,"column":41}},"2":{"start":{"line":3,"column":15},"end":{"line":24,"column":1}},"3":{"start":{"line":4,"column":32},"end":{"line":4,"column":59}},"4":{"start":{"line":5,"column":1},"end":{"line":23,"column":3}},"5":{"start":{"line":26,"column":0},"end":{"line":26,"column":22}}},"fnMap":{"0":{"name":"(anonymous_0)","decl":{"start":{"line":3,"column":15},"end":{"line":3,"column":18}},"loc":{"start":{"line":3,"column":20},"end":{"line":24,"column":1}}}},"branchMap":{"0":{"loc":{"start":{"line":7,"column":4},"end":{"line":20,"column":null}},"type":"cond-expr","locations":[{"start":{"line":8,"column":4},"end":{"line":10,"column":null}},{"start":{"line":13,"column":4},"end":{"line":19,"column":null}}]}},"s":{"0":2,"1":2,"2":2,"3":1,"4":1,"5":2},"f":{"0":1},"b":{"0":[0,1]}}
}
