{"/Users/witsanupornpromsirinimit/quiz-react-tailwindcss/quiz/src/App.tsx": {"path":"/Users/witsanupornpromsirinimit/quiz-react-tailwindcss/quiz/src/App.tsx","statementMap":{"0":{"start":{"line":1,"column":0},"end":{"line":1,"column":19}},"1":{"start":{"line":2,"column":0},"end":{"line":2,"column":32}},"2":{"start":{"line":3,"column":0},"end":{"line":3,"column":46}},"3":{"start":{"line":4,"column":0},"end":{"line":4,"column":40}},"4":{"start":{"line":5,"column":0},"end":{"line":5,"column":40}},"5":{"start":{"line":6,"column":0},"end":{"line":6,"column":48}},"6":{"start":{"line":7,"column":0},"end":{"line":7,"column":36}},"7":{"start":{"line":8,"column":0},"end":{"line":8,"column":64}},"8":{"start":{"line":10,"column":13},"end":{"line":20,"column":3}},"9":{"start":{"line":23,"column":37},"end":{"line":23,"column":52}},"10":{"start":{"line":24,"column":33},"end":{"line":24,"column":45}},"11":{"start":{"line":26,"column":21},"end":{"line":29,"column":2}},"12":{"start":{"line":27,"column":2},"end":{"line":27,"column":22}},"13":{"start":{"line":28,"column":2},"end":{"line":28,"column":24}},"14":{"start":{"line":31,"column":22},"end":{"line":34,"column":2}},"15":{"start":{"line":32,"column":2},"end":{"line":32,"column":23}},"16":{"start":{"line":33,"column":2},"end":{"line":33,"column":18}},"17":{"start":{"line":36,"column":41},"end":{"line":51,"column":2}},"18":{"start":{"line":43,"column":58},"end":{"line":50,"column":4}},"19":{"start":{"line":53,"column":1},"end":{"line":125,"column":3}},"20":{"start":{"line":128,"column":0},"end":{"line":128,"column":19}}},"fnMap":{"0":{"name":"(anonymous_1)","decl":{"start":{"line":18,"column":8},"end":{"line":18,"column":11}},"loc":{"start":{"line":18,"column":13},"end":{"line":18,"column":16}}},"1":{"name":"(anonymous_2)","decl":{"start":{"line":19,"column":9},"end":{"line":19,"column":12}},"loc":{"start":{"line":19,"column":14},"end":{"line":19,"column":17}}},"2":{"name":"App","decl":{"start":{"line":22,"column":9},"end":{"line":22,"column":12}},"loc":{"start":{"line":22,"column":12},"end":{"line":126,"column":1}}},"3":{"name":"(anonymous_4)","decl":{"start":{"line":26,"column":21},"end":{"line":26,"column":22}},"loc":{"start":{"line":26,"column":42},"end":{"line":29,"column":2}}},"4":{"name":"(anonymous_5)","decl":{"start":{"line":31,"column":22},"end":{"line":31,"column":25}},"loc":{"start":{"line":31,"column":27},"end":{"line":34,"column":2}}},"5":{"name":"(anonymous_6)","decl":{"start":{"line":36,"column":41},"end":{"line":36,"column":42}},"loc":{"start":{"line":36,"column":89},"end":{"line":51,"column":2}}}},"branchMap":{"0":{"loc":{"start":{"line":80,"column":7},"end":{"line":87,"column":null}},"type":"cond-expr","locations":[{"start":{"line":81,"column":8},"end":{"line":82,"column":null}},{"start":{"line":85,"column":8},"end":{"line":86,"column":null}}]},"1":{"loc":{"start":{"line":95,"column":7},"end":{"line":102,"column":null}},"type":"cond-expr","locations":[{"start":{"line":96,"column":8},"end":{"line":97,"column":null}},{"start":{"line":100,"column":8},"end":{"line":101,"column":null}}]},"2":{"loc":{"start":{"line":110,"column":7},"end":{"line":117,"column":null}},"type":"cond-expr","locations":[{"start":{"line":111,"column":8},"end":{"line":112,"column":null}},{"start":{"line":115,"column":8},"end":{"line":116,"column":null}}]}},"s":{"0":0,"1":0,"2":0,"3":0,"4":0,"5":0,"6":0,"7":0,"8":0,"9":0,"10":0,"11":0,"12":0,"13":0,"14":0,"15":0,"16":0,"17":0,"18":0,"19":0,"20":0},"f":{"0":0,"1":0,"2":0,"3":0,"4":0,"5":0},"b":{"0":[0,0],"1":[0,0],"2":[0,0]}}
,"/Users/witsanupornpromsirinimit/quiz-react-tailwindcss/quiz/src/components/Card/CardAnswer.tsx": {"path":"/Users/witsanupornpromsirinimit/quiz-react-tailwindcss/quiz/src/components/Card/CardAnswer.tsx","statementMap":{"0":{"start":{"line":1,"column":19},"end":{"line":14,"column":1}},"1":{"start":{"line":2,"column":1},"end":{"line":13,"column":3}},"2":{"start":{"line":16,"column":0},"end":{"line":16,"column":26}}},"fnMap":{"0":{"name":"(anonymous_0)","decl":{"start":{"line":1,"column":19},"end":{"line":1,"column":20}},"loc":{"start":{"line":1,"column":117},"end":{"line":14,"column":1}}}},"branchMap":{},"s":{"0":0,"1":0,"2":0},"f":{"0":0},"b":{}}
,"/Users/witsanupornpromsirinimit/quiz-react-tailwindcss/quiz/src/pages/Category.tsx": {"path":"/Users/witsanupornpromsirinimit/quiz-react-tailwindcss/quiz/src/pages/Category.tsx","statementMap":{"0":{"start":{"line":1,"column":0},"end":{"line":1,"column":59}},"1":{"start":{"line":2,"column":0},"end":{"line":2,"column":55}},"2":{"start":{"line":3,"column":0},"end":{"line":3,"column":51}},"3":{"start":{"line":4,"column":0},"end":{"line":4,"column":44}},"4":{"start":{"line":7,"column":17},"end":{"line":77,"column":1}},"5":{"start":{"line":8,"column":37},"end":{"line":8,"column":81}},"6":{"start":{"line":9,"column":1},"end":{"line":23,"column":8}},"7":{"start":{"line":10,"column":26},"end":{"line":20,"column":4}},"8":{"start":{"line":10,"column":37},"end":{"line":20,"column":4}},"9":{"start":{"line":11,"column":3},"end":{"line":19,"column":4}},"10":{"start":{"line":12,"column":21},"end":{"line":12,"column":72}},"11":{"start":{"line":13,"column":17},"end":{"line":13,"column":38}},"12":{"start":{"line":16,"column":4},"end":{"line":16,"column":42}},"13":{"start":{"line":18,"column":4},"end":{"line":18,"column":55}},"14":{"start":{"line":22,"column":2},"end":{"line":22,"column":20}},"15":{"start":{"line":24,"column":1},"end":{"line":76,"column":3}},"16":{"start":{"line":49,"column":6},"end":{"line":50,"column":null}},"17":{"start":{"line":66,"column":6},"end":{"line":67,"column":null}},"18":{"start":{"line":79,"column":0},"end":{"line":79,"column":24}}},"fnMap":{"0":{"name":"(anonymous_8)","decl":{"start":{"line":7,"column":17},"end":{"line":7,"column":20}},"loc":{"start":{"line":7,"column":22},"end":{"line":77,"column":1}}},"1":{"name":"(anonymous_9)","decl":{"start":{"line":9,"column":11},"end":{"line":9,"column":14}},"loc":{"start":{"line":9,"column":16},"end":{"line":23,"column":2}}},"2":{"name":"(anonymous_10)","decl":{"start":{"line":10,"column":26},"end":{"line":10,"column":35}},"loc":{"start":{"line":10,"column":37},"end":{"line":20,"column":4}}},"3":{"name":"(anonymous_11)","decl":{"start":{"line":10,"column":37},"end":{"line":10,"column":null}},"loc":{"start":{"line":10,"column":37},"end":{"line":20,"column":3}}},"4":{"name":"(anonymous_12)","decl":{"start":{"line":48,"column":21},"end":{"line":48,"column":22}},"loc":{"start":{"line":49,"column":6},"end":{"line":50,"column":null}}},"5":{"name":"(anonymous_13)","decl":{"start":{"line":65,"column":21},"end":{"line":65,"column":22}},"loc":{"start":{"line":66,"column":6},"end":{"line":67,"column":null}}}},"branchMap":{},"s":{"0":0,"1":0,"2":0,"3":0,"4":0,"5":0,"6":0,"7":0,"8":0,"9":0,"10":0,"11":0,"12":0,"13":0,"14":0,"15":0,"16":0,"17":0,"18":0},"f":{"0":0,"1":0,"2":0,"3":0,"4":0,"5":0},"b":{}}
,"/Users/witsanupornpromsirinimit/quiz-react-tailwindcss/quiz/src/pages/Home.tsx": {"path":"/Users/witsanupornpromsirinimit/quiz-react-tailwindcss/quiz/src/pages/Home.tsx","statementMap":{"0":{"start":{"line":1,"column":0},"end":{"line":1,"column":45}},"1":{"start":{"line":2,"column":0},"end":{"line":2,"column":59}},"2":{"start":{"line":3,"column":0},"end":{"line":3,"column":55}},"3":{"start":{"line":4,"column":0},"end":{"line":4,"column":51}},"4":{"start":{"line":5,"column":0},"end":{"line":5,"column":41}},"5":{"start":{"line":6,"column":0},"end":{"line":6,"column":47}},"6":{"start":{"line":8,"column":13},"end":{"line":118,"column":1}},"7":{"start":{"line":9,"column":19},"end":{"line":9,"column":46}},"8":{"start":{"line":10,"column":25},"end":{"line":10,"column":37}},"9":{"start":{"line":11,"column":18},"end":{"line":11,"column":31}},"10":{"start":{"line":12,"column":33},"end":{"line":12,"column":45}},"11":{"start":{"line":13,"column":43},"end":{"line":13,"column":55}},"12":{"start":{"line":14,"column":43},"end":{"line":14,"column":55}},"13":{"start":{"line":16,"column":22},"end":{"line":46,"column":2}},"14":{"start":{"line":17,"column":2},"end":{"line":17,"column":25}},"15":{"start":{"line":20,"column":2},"end":{"line":20,"column":23}},"16":{"start":{"line":21,"column":2},"end":{"line":21,"column":23}},"17":{"start":{"line":24,"column":18},"end":{"line":24,"column":23}},"18":{"start":{"line":27,"column":2},"end":{"line":30,"column":3}},"19":{"start":{"line":28,"column":3},"end":{"line":28,"column":50}},"20":{"start":{"line":29,"column":3},"end":{"line":29,"column":20}},"21":{"start":{"line":33,"column":2},"end":{"line":39,"column":3}},"22":{"start":{"line":34,"column":3},"end":{"line":34,"column":50}},"23":{"start":{"line":35,"column":3},"end":{"line":35,"column":20}},"24":{"start":{"line":36,"column":9},"end":{"line":39,"column":3}},"25":{"start":{"line":37,"column":3},"end":{"line":37,"column":62}},"26":{"start":{"line":38,"column":3},"end":{"line":38,"column":20}},"27":{"start":{"line":42,"column":2},"end":{"line":45,"column":3}},"28":{"start":{"line":43,"column":3},"end":{"line":43,"column":15}},"29":{"start":{"line":44,"column":3},"end":{"line":44,"column":25}},"30":{"start":{"line":48,"column":1},"end":{"line":117,"column":3}},"31":{"start":{"line":72,"column":8},"end":{"line":72,"column":36}},"32":{"start":{"line":89,"column":8},"end":{"line":89,"column":40}},"33":{"start":{"line":120,"column":0},"end":{"line":120,"column":20}}},"fnMap":{"0":{"name":"(anonymous_1)","decl":{"start":{"line":8,"column":13},"end":{"line":8,"column":16}},"loc":{"start":{"line":8,"column":18},"end":{"line":118,"column":1}}},"1":{"name":"(anonymous_2)","decl":{"start":{"line":16,"column":22},"end":{"line":16,"column":23}},"loc":{"start":{"line":16,"column":66},"end":{"line":46,"column":2}}},"2":{"name":"(anonymous_3)","decl":{"start":{"line":71,"column":17},"end":{"line":71,"column":18}},"loc":{"start":{"line":71,"column":27},"end":{"line":73,"column":8}}},"3":{"name":"(anonymous_4)","decl":{"start":{"line":88,"column":17},"end":{"line":88,"column":18}},"loc":{"start":{"line":88,"column":27},"end":{"line":90,"column":8}}}},"branchMap":{"0":{"loc":{"start":{"line":27,"column":2},"end":{"line":30,"column":3}},"type":"if","locations":[{"start":{"line":27,"column":2},"end":{"line":30,"column":3}}]},"1":{"loc":{"start":{"line":27,"column":7},"end":{"line":27,"column":19}},"type":"cond-expr","locations":[{"start":{"line":27,"column":11},"end":{"line":27,"column":13}},{"start":{"line":27,"column":7},"end":{"line":27,"column":19}}]},"2":{"loc":{"start":{"line":27,"column":7},"end":{"line":27,"column":13}},"type":"binary-expr","locations":[{"start":{"line":27,"column":7},"end":{"line":27,"column":13}},{"start":{"line":27,"column":7},"end":{"line":27,"column":13}}]},"3":{"loc":{"start":{"line":33,"column":2},"end":{"line":39,"column":3}},"type":"if","locations":[{"start":{"line":33,"column":2},"end":{"line":39,"column":3}},{"start":{"line":36,"column":9},"end":{"line":39,"column":3}}]},"4":{"loc":{"start":{"line":36,"column":9},"end":{"line":39,"column":3}},"type":"if","locations":[{"start":{"line":36,"column":9},"end":{"line":39,"column":3}}]},"5":{"loc":{"start":{"line":42,"column":2},"end":{"line":45,"column":3}},"type":"if","locations":[{"start":{"line":42,"column":2},"end":{"line":45,"column":3}}]},"6":{"loc":{"start":{"line":77,"column":7},"end":{"line":77,"column":79}},"type":"binary-expr","locations":[{"start":{"line":77,"column":7},"end":{"line":77,"column":20}},{"start":{"line":77,"column":24},"end":{"line":77,"column":79}}]},"7":{"loc":{"start":{"line":95,"column":7},"end":{"line":95,"column":79}},"type":"binary-expr","locations":[{"start":{"line":95,"column":7},"end":{"line":95,"column":20}},{"start":{"line":95,"column":24},"end":{"line":95,"column":79}}]}},"s":{"0":0,"1":0,"2":0,"3":0,"4":0,"5":0,"6":0,"7":0,"8":0,"9":0,"10":0,"11":0,"12":0,"13":0,"14":0,"15":0,"16":0,"17":0,"18":0,"19":0,"20":0,"21":0,"22":0,"23":0,"24":0,"25":0,"26":0,"27":0,"28":0,"29":0,"30":0,"31":0,"32":0,"33":0},"f":{"0":0,"1":0,"2":0,"3":0},"b":{"0":[0],"1":[0,0],"2":[0,0],"3":[0,0],"4":[0],"5":[0],"6":[0,0],"7":[0,0]}}
,"/Users/witsanupornpromsirinimit/quiz-react-tailwindcss/quiz/src/pages/QuizPage.tsx": {"path":"/Users/witsanupornpromsirinimit/quiz-react-tailwindcss/quiz/src/pages/QuizPage.tsx","statementMap":{"0":{"start":{"line":1,"column":0},"end":{"line":1,"column":31}},"1":{"start":{"line":2,"column":0},"end":{"line":2,"column":55}},"2":{"start":{"line":3,"column":0},"end":{"line":3,"column":44}},"3":{"start":{"line":4,"column":0},"end":{"line":4,"column":55}},"4":{"start":{"line":5,"column":0},"end":{"line":5,"column":51}},"5":{"start":{"line":17,"column":17},"end":{"line":91,"column":1}},"6":{"start":{"line":18,"column":20},"end":{"line":18,"column":59}},"7":{"start":{"line":19,"column":41},"end":{"line":19,"column":52}},"8":{"start":{"line":20,"column":41},"end":{"line":20,"column":78}},"9":{"start":{"line":21,"column":43},"end":{"line":21,"column":54}},"10":{"start":{"line":23,"column":1},"end":{"line":28,"column":8}},"11":{"start":{"line":25,"column":2},"end":{"line":27,"column":3}},"12":{"start":{"line":26,"column":3},"end":{"line":26,"column":51}},"13":{"start":{"line":30,"column":1},"end":{"line":38,"column":8}},"14":{"start":{"line":31,"column":20},"end":{"line":35,"column":4}},"15":{"start":{"line":31,"column":31},"end":{"line":35,"column":4}},"16":{"start":{"line":32,"column":20},"end":{"line":32,"column":113}},"17":{"start":{"line":33,"column":16},"end":{"line":33,"column":37}},"18":{"start":{"line":34,"column":3},"end":{"line":34,"column":33}},"19":{"start":{"line":37,"column":2},"end":{"line":37,"column":14}},"20":{"start":{"line":39,"column":1},"end":{"line":41,"column":2}},"21":{"start":{"line":40,"column":2},"end":{"line":40,"column":31}},"22":{"start":{"line":44,"column":25},"end":{"line":44,"column":52}},"23":{"start":{"line":46,"column":17},"end":{"line":47,"column":null}},"24":{"start":{"line":47,"column":8},"end":{"line":47,"column":27}},"25":{"start":{"line":50,"column":27},"end":{"line":58,"column":2}},"26":{"start":{"line":52,"column":2},"end":{"line":57,"column":3}},"27":{"start":{"line":53,"column":3},"end":{"line":53,"column":39}},"28":{"start":{"line":56,"column":3},"end":{"line":56,"column":33}},"29":{"start":{"line":60,"column":1},"end":{"line":90,"column":3}},"30":{"start":{"line":80,"column":6},"end":{"line":81,"column":null}},"31":{"start":{"line":93,"column":0},"end":{"line":93,"column":24}}},"fnMap":{"0":{"name":"(anonymous_8)","decl":{"start":{"line":17,"column":17},"end":{"line":17,"column":20}},"loc":{"start":{"line":17,"column":22},"end":{"line":91,"column":1}}},"1":{"name":"(anonymous_9)","decl":{"start":{"line":23,"column":11},"end":{"line":23,"column":14}},"loc":{"start":{"line":23,"column":16},"end":{"line":28,"column":2}}},"2":{"name":"(anonymous_10)","decl":{"start":{"line":30,"column":11},"end":{"line":30,"column":14}},"loc":{"start":{"line":30,"column":16},"end":{"line":38,"column":2}}},"3":{"name":"(anonymous_11)","decl":{"start":{"line":31,"column":20},"end":{"line":31,"column":29}},"loc":{"start":{"line":31,"column":31},"end":{"line":35,"column":4}}},"4":{"name":"(anonymous_12)","decl":{"start":{"line":31,"column":31},"end":{"line":31,"column":null}},"loc":{"start":{"line":31,"column":31},"end":{"line":35,"column":3}}},"5":{"name":"(anonymous_13)","decl":{"start":{"line":47,"column":2},"end":{"line":47,"column":5}},"loc":{"start":{"line":47,"column":8},"end":{"line":47,"column":27}}},"6":{"name":"(anonymous_14)","decl":{"start":{"line":50,"column":27},"end":{"line":50,"column":30}},"loc":{"start":{"line":50,"column":32},"end":{"line":58,"column":2}}},"7":{"name":"(anonymous_15)","decl":{"start":{"line":79,"column":18},"end":{"line":79,"column":19}},"loc":{"start":{"line":80,"column":6},"end":{"line":81,"column":null}}}},"branchMap":{"0":{"loc":{"start":{"line":25,"column":2},"end":{"line":27,"column":3}},"type":"if","locations":[{"start":{"line":25,"column":2},"end":{"line":27,"column":3}}]},"1":{"loc":{"start":{"line":39,"column":1},"end":{"line":41,"column":2}},"type":"if","locations":[{"start":{"line":39,"column":1},"end":{"line":41,"column":2}}]},"2":{"loc":{"start":{"line":52,"column":2},"end":{"line":57,"column":3}},"type":"if","locations":[{"start":{"line":52,"column":2},"end":{"line":57,"column":3}},{"start":{"line":54,"column":9},"end":{"line":57,"column":3}}]}},"s":{"0":0,"1":0,"2":0,"3":0,"4":0,"5":0,"6":0,"7":0,"8":0,"9":0,"10":0,"11":0,"12":0,"13":0,"14":0,"15":0,"16":0,"17":0,"18":0,"19":0,"20":0,"21":0,"22":0,"23":0,"24":0,"25":0,"26":0,"27":0,"28":0,"29":0,"30":0,"31":0},"f":{"0":0,"1":0,"2":0,"3":0,"4":0,"5":0,"6":0,"7":0},"b":{"0":[0],"1":[0],"2":[0,0]}}
}
